[debug] [2020-10-09T17:39:36.243Z] ----------------------------------------------------------------------
[debug] [2020-10-09T17:39:36.245Z] Command:       /usr/local/Cellar/node/14.9.0/bin/node /usr/local/bin/firebase init
[debug] [2020-10-09T17:39:36.245Z] CLI Version:   8.10.0
[debug] [2020-10-09T17:39:36.245Z] Platform:      darwin
[debug] [2020-10-09T17:39:36.245Z] Node Version:  v14.9.0
[debug] [2020-10-09T17:39:36.246Z] Time:          Sat Oct 10 2020 01:39:36 GMT+0800 (台北標準時間)
[debug] [2020-10-09T17:39:36.247Z] ----------------------------------------------------------------------
[debug] [2020-10-09T17:39:36.247Z] 
[debug] [2020-10-09T17:39:36.259Z] > command requires scopes: ["email","openid","https://www.googleapis.com/auth/cloudplatformprojects.readonly","https://www.googleapis.com/auth/firebase","https://www.googleapis.com/auth/cloud-platform"]
[debug] [2020-10-09T17:39:36.260Z] > authorizing via signed-in user
[info] 
     ######## #### ########  ######## ########     ###     ######  ########
     ##        ##  ##     ## ##       ##     ##  ##   ##  ##       ##
     ######    ##  ########  ######   ########  #########  ######  ######
     ##        ##  ##    ##  ##       ##     ## ##     ##       ## ##
     ##       #### ##     ## ######## ########  ##     ##  ######  ########

You're about to initialize a Firebase project in this directory:

  /Users/pakerchang/Documents/GitHub/Front-End/React/amazon-clone

Before we get started, keep in mind:

  * You are initializing in an existing Firebase project directory

[info] 
=== Project Setup
[info] 
[info] First, let's associate this project directory with a Firebase project.
[info] You can create multiple project aliases by running firebase use --add, 
[info] but for now we'll just set up a default project.
[info] 
[info] i  .firebaserc already has a default project, using clone-8001b. 
[debug] [2020-10-09T17:39:44.608Z] > refreshing access token with scopes: ["email","https://www.googleapis.com/auth/cloud-platform","https://www.googleapis.com/auth/cloudplatformprojects.readonly","https://www.googleapis.com/auth/firebase","openid"]
[debug] [2020-10-09T17:39:44.608Z] >>> HTTP REQUEST POST https://www.googleapis.com/oauth2/v3/token  
 <request body omitted>
[debug] [2020-10-09T17:39:44.735Z] <<< HTTP RESPONSE 200 {"expires":"Mon, 01 Jan 1990 00:00:00 GMT","pragma":"no-cache","cache-control":"no-cache, no-store, max-age=0, must-revalidate","date":"Fri, 09 Oct 2020 17:39:44 GMT","content-type":"application/json; charset=utf-8","vary":"X-Origin, Referer, Origin,Accept-Encoding","server":"scaffolding on HTTPServer2","x-xss-protection":"0","x-frame-options":"SAMEORIGIN","x-content-type-options":"nosniff","alt-svc":"h3-Q050=\":443\"; ma=2592000,h3-29=\":443\"; ma=2592000,h3-27=\":443\"; ma=2592000,h3-T051=\":443\"; ma=2592000,h3-T050=\":443\"; ma=2592000,h3-Q046=\":443\"; ma=2592000,h3-Q043=\":443\"; ma=2592000,quic=\":443\"; ma=2592000; v=\"46,43\"","accept-ranges":"none","transfer-encoding":"chunked"}
[debug] [2020-10-09T17:39:44.748Z] >>> HTTP REQUEST GET https://firebase.googleapis.com/v1beta1/projects/clone-8001b  
 
[debug] [2020-10-09T17:39:45.466Z] <<< HTTP RESPONSE 200 {"content-type":"application/json; charset=UTF-8","vary":"X-Origin, Referer, Origin,Accept-Encoding","date":"Fri, 09 Oct 2020 17:39:45 GMT","server":"ESF","cache-control":"private","x-xss-protection":"0","x-frame-options":"SAMEORIGIN","x-content-type-options":"nosniff","alt-svc":"h3-Q050=\":443\"; ma=2592000,h3-29=\":443\"; ma=2592000,h3-27=\":443\"; ma=2592000,h3-T051=\":443\"; ma=2592000,h3-T050=\":443\"; ma=2592000,h3-Q046=\":443\"; ma=2592000,h3-Q043=\":443\"; ma=2592000,quic=\":443\"; ma=2592000; v=\"46,43\"","accept-ranges":"none","transfer-encoding":"chunked"}
[info] 
=== Functions Setup
[info] 
[info] A functions directory will be created in your project with a Node.js
[info] package pre-configured. Functions can be deployed with firebase deploy.
[info] 
[debug] [2020-10-09T17:39:45.468Z] > command requires scopes: ["email","openid","https://www.googleapis.com/auth/cloudplatformprojects.readonly","https://www.googleapis.com/auth/firebase","https://www.googleapis.com/auth/cloud-platform"]
[debug] [2020-10-09T17:39:45.468Z] > authorizing via signed-in user
[debug] [2020-10-09T17:39:45.469Z] [iam] checking project clone-8001b for permissions ["firebase.projects.get"]
[debug] [2020-10-09T17:39:45.469Z] >>> HTTP REQUEST POST https://cloudresourcemanager.googleapis.com/v1/projects/clone-8001b:testIamPermissions  
 {"permissions":["firebase.projects.get"]}
[debug] [2020-10-09T17:39:46.409Z] <<< HTTP RESPONSE 200 {"content-type":"application/json; charset=UTF-8","vary":"X-Origin, Referer, Origin,Accept-Encoding","date":"Fri, 09 Oct 2020 17:39:46 GMT","server":"ESF","cache-control":"private","x-xss-protection":"0","x-frame-options":"SAMEORIGIN","x-content-type-options":"nosniff","server-timing":"gfet4t7; dur=803","alt-svc":"h3-Q050=\":443\"; ma=2592000,h3-29=\":443\"; ma=2592000,h3-27=\":443\"; ma=2592000,h3-T051=\":443\"; ma=2592000,h3-T050=\":443\"; ma=2592000,h3-Q046=\":443\"; ma=2592000,h3-Q043=\":443\"; ma=2592000,quic=\":443\"; ma=2592000; v=\"46,43\"","accept-ranges":"none","transfer-encoding":"chunked"}
[debug] [2020-10-09T17:39:46.410Z] >>> HTTP REQUEST POST https://serviceusage.googleapis.com/v1/projects/clone-8001b/services/cloudfunctions.googleapis.com:enable  
 
[debug] [2020-10-09T17:39:46.410Z] >>> HTTP REQUEST POST https://serviceusage.googleapis.com/v1/projects/clone-8001b/services/runtimeconfig.googleapis.com:enable  
 
[debug] [2020-10-09T17:39:47.630Z] <<< HTTP RESPONSE 200 {"content-type":"application/json; charset=UTF-8","vary":"X-Origin, Referer, Origin,Accept-Encoding","date":"Fri, 09 Oct 2020 17:39:47 GMT","server":"ESF","cache-control":"private","x-xss-protection":"0","x-frame-options":"SAMEORIGIN","x-content-type-options":"nosniff","alt-svc":"h3-Q050=\":443\"; ma=2592000,h3-29=\":443\"; ma=2592000,h3-27=\":443\"; ma=2592000,h3-T051=\":443\"; ma=2592000,h3-T050=\":443\"; ma=2592000,h3-Q046=\":443\"; ma=2592000,h3-Q043=\":443\"; ma=2592000,quic=\":443\"; ma=2592000; v=\"46,43\"","accept-ranges":"none","transfer-encoding":"chunked"}
[debug] [2020-10-09T17:39:47.669Z] <<< HTTP RESPONSE 200 {"content-type":"application/json; charset=UTF-8","vary":"X-Origin, Referer, Origin,Accept-Encoding","date":"Fri, 09 Oct 2020 17:39:47 GMT","server":"ESF","cache-control":"private","x-xss-protection":"0","x-frame-options":"SAMEORIGIN","x-content-type-options":"nosniff","alt-svc":"h3-Q050=\":443\"; ma=2592000,h3-29=\":443\"; ma=2592000,h3-27=\":443\"; ma=2592000,h3-T051=\":443\"; ma=2592000,h3-T050=\":443\"; ma=2592000,h3-Q046=\":443\"; ma=2592000,h3-Q043=\":443\"; ma=2592000,quic=\":443\"; ma=2592000; v=\"46,43\"","accept-ranges":"none","transfer-encoding":"chunked"}
[info] ✔  Wrote functions/package.json 
[debug] [2020-10-09T17:40:13.017Z] ----------------------------------------------------------------------
[debug] [2020-10-09T17:40:13.019Z] Command:       /usr/local/Cellar/node/14.9.0/bin/node /usr/local/bin/firebase emulators:start
[debug] [2020-10-09T17:40:13.019Z] CLI Version:   8.10.0
[debug] [2020-10-09T17:40:13.019Z] Platform:      darwin
[debug] [2020-10-09T17:40:13.019Z] Node Version:  v14.9.0
[debug] [2020-10-09T17:40:13.020Z] Time:          Sat Oct 10 2020 01:40:13 GMT+0800 (台北標準時間)
[debug] [2020-10-09T17:40:13.021Z] ----------------------------------------------------------------------
[debug] [2020-10-09T17:40:13.021Z] 
[debug] [2020-10-09T17:40:13.030Z] > command requires scopes: ["email","openid","https://www.googleapis.com/auth/cloudplatformprojects.readonly","https://www.googleapis.com/auth/firebase","https://www.googleapis.com/auth/cloud-platform"]
[debug] [2020-10-09T17:40:13.031Z] > authorizing via signed-in user
[info] i  emulators: Starting emulators: functions, hosting {"metadata":{"emulator":{"name":"hub"},"message":"Starting emulators: functions, hosting"}}
[debug] [2020-10-09T17:40:13.059Z] [hub] writing locator at /var/folders/90/mv5y52hs541d8v92p0t64rmr0000gn/T/hub-clone-8001b.json
[warn] ⚠  functions: The following emulators are not running, calls to these services from the Functions emulator will affect production: firestore, database, pubsub {"metadata":{"emulator":{"name":"functions"},"message":"The following emulators are not running, calls to these services from the Functions emulator will affect production: \u001b[1mfirestore, database, pubsub\u001b[22m"}}
[warn] ⚠  Your requested "node" version "10" doesn't match your global version "14" {"metadata":{"emulator":{"name":"functions"},"message":"Your requested \"node\" version \"10\" doesn't match your global version \"14\""}}
[debug] [2020-10-09T17:40:13.088Z] defaultcredentials: writing to file /Users/pakerchang/.config/firebase/pakerchang_gmail_com_application_default_credentials.json
[debug] [2020-10-09T17:40:13.092Z] Setting GAC to /Users/pakerchang/.config/firebase/pakerchang_gmail_com_application_default_credentials.json {"metadata":{"emulator":{"name":"functions"},"message":"Setting GAC to /Users/pakerchang/.config/firebase/pakerchang_gmail_com_application_default_credentials.json"}}
[debug] [2020-10-09T17:40:13.218Z] >>> HTTP REQUEST GET https://firebase.googleapis.com/v1beta1/projects/clone-8001b/webApps/-/config  
 
[debug] [2020-10-09T17:40:14.619Z] <<< HTTP RESPONSE 200 {"content-type":"application/json; charset=UTF-8","vary":"X-Origin, Referer, Origin,Accept-Encoding","date":"Fri, 09 Oct 2020 17:40:14 GMT","server":"ESF","cache-control":"private","x-xss-protection":"0","x-frame-options":"SAMEORIGIN","x-content-type-options":"nosniff","alt-svc":"h3-Q050=\":443\"; ma=2592000,h3-29=\":443\"; ma=2592000,h3-27=\":443\"; ma=2592000,h3-T051=\":443\"; ma=2592000,h3-T050=\":443\"; ma=2592000,h3-Q046=\":443\"; ma=2592000,h3-Q043=\":443\"; ma=2592000,quic=\":443\"; ma=2592000; v=\"46,43\"","accept-ranges":"none","transfer-encoding":"chunked"}
[info] i  hosting: Serving hosting files from: build {"metadata":{"emulator":{"name":"hosting"},"message":"Serving hosting files from: \u001b[1mbuild\u001b[22m"}}
[info] ✔  hosting: Local server: http://localhost:5000 {"metadata":{"emulator":{"name":"hosting"},"message":"Local server: \u001b[4m\u001b[1mhttp://localhost:5000\u001b[22m\u001b[24m"}}
[debug] [2020-10-09T17:40:14.918Z] Ignoring unsupported arg: auto_download {"metadata":{"emulator":{"name":"ui"},"message":"Ignoring unsupported arg: auto_download"}}
[debug] [2020-10-09T17:40:14.918Z] Ignoring unsupported arg: port {"metadata":{"emulator":{"name":"ui"},"message":"Ignoring unsupported arg: port"}}
[debug] [2020-10-09T17:40:14.918Z] Starting Emulator UI with command {"binary":"node","args":["/Users/pakerchang/.cache/firebase/emulators/ui-v1.1.1/server.bundle.js"],"optionalArgs":[],"joinArgs":false} {"metadata":{"emulator":{"name":"ui"},"message":"Starting Emulator UI with command {\"binary\":\"node\",\"args\":[\"/Users/pakerchang/.cache/firebase/emulators/ui-v1.1.1/server.bundle.js\"],\"optionalArgs\":[],\"joinArgs\":false}"}}
[info] i  ui: Emulator UI logging to ui-debug.log {"metadata":{"emulator":{"name":"ui"},"message":"Emulator UI logging to \u001b[1mui-debug.log\u001b[22m"}}
[debug] [2020-10-09T17:40:15.022Z] Web / API server started at http://localhost:4000
 {"metadata":{"emulator":{"name":"ui"},"message":"Web / API server started at http://localhost:4000\n"}}
[info] i  functions: Watching "/Users/pakerchang/Documents/GitHub/Front-End/React/amazon-clone/functions" for Cloud Functions... {"metadata":{"emulator":{"name":"functions"},"message":"Watching \"/Users/pakerchang/Documents/GitHub/Front-End/React/amazon-clone/functions\" for Cloud Functions..."}}
[debug] [2020-10-09T17:40:15.192Z] [worker-pool] addWorker(~diagnostic~) {"metadata":{"emulator":{"name":"functions"},"message":"[worker-pool] addWorker(~diagnostic~)"}}
[debug] [2020-10-09T17:40:15.193Z] [worker-pool] Adding worker with key ~diagnostic~, total=1 {"metadata":{"emulator":{"name":"functions"},"message":"[worker-pool] Adding worker with key ~diagnostic~, total=1"}}
[debug] [2020-10-09T17:40:15.193Z] [worker-pool] submitWork(triggerId=) {"metadata":{"emulator":{"name":"functions"},"message":"[worker-pool] submitWork(triggerId=)"}}
[debug] [2020-10-09T17:40:15.194Z] [worker-~diagnostic~-5993282b-a130-4a4b-bcbd-96e425669430]: Assigning socketPath: /var/folders/90/mv5y52hs541d8v92p0t64rmr0000gn/T/fire_emu_21683.sock {"metadata":{"emulator":{"name":"functions"},"message":"[worker-~diagnostic~-5993282b-a130-4a4b-bcbd-96e425669430]: Assigning socketPath: /var/folders/90/mv5y52hs541d8v92p0t64rmr0000gn/T/fire_emu_21683.sock"}}
[debug] [2020-10-09T17:40:15.194Z] [worker-~diagnostic~-5993282b-a130-4a4b-bcbd-96e425669430]: BUSY {"metadata":{"emulator":{"name":"functions"},"message":"[worker-~diagnostic~-5993282b-a130-4a4b-bcbd-96e425669430]: BUSY"}}
[debug] [2020-10-09T17:40:15.468Z] [runtime-status] [21683] Functions runtime initialized. {"cwd":"/Users/pakerchang/Documents/GitHub/Front-End/React/amazon-clone/functions","node_version":"14.9.0"} {"metadata":{"emulator":{"name":"functions"},"message":"[runtime-status] [21683] Functions runtime initialized. {\"cwd\":\"/Users/pakerchang/Documents/GitHub/Front-End/React/amazon-clone/functions\",\"node_version\":\"14.9.0\"}"}}
[debug] [2020-10-09T17:40:15.469Z] [runtime-status] [21683] Disabled runtime features: undefined {"metadata":{"emulator":{"name":"functions"},"message":"[runtime-status] [21683] Disabled runtime features: undefined"}}
[debug] [2020-10-09T17:40:15.472Z] [runtime-status] [21683] Resolved module firebase-admin {"declared":true,"installed":true,"version":"8.13.0","resolution":"/Users/pakerchang/Documents/GitHub/Front-End/React/amazon-clone/functions/node_modules/firebase-admin/lib/index.js"} {"metadata":{"emulator":{"name":"functions"},"message":"[runtime-status] [21683] Resolved module firebase-admin {\"declared\":true,\"installed\":true,\"version\":\"8.13.0\",\"resolution\":\"/Users/pakerchang/Documents/GitHub/Front-End/React/amazon-clone/functions/node_modules/firebase-admin/lib/index.js\"}"}}
[debug] [2020-10-09T17:40:15.474Z] [runtime-status] [21683] Resolved module firebase-functions {"declared":true,"installed":true,"version":"3.11.0","resolution":"/Users/pakerchang/Documents/GitHub/Front-End/React/amazon-clone/functions/node_modules/firebase-functions/lib/index.js"} {"metadata":{"emulator":{"name":"functions"},"message":"[runtime-status] [21683] Resolved module firebase-functions {\"declared\":true,\"installed\":true,\"version\":\"3.11.0\",\"resolution\":\"/Users/pakerchang/Documents/GitHub/Front-End/React/amazon-clone/functions/node_modules/firebase-functions/lib/index.js\"}"}}
[debug] [2020-10-09T17:40:15.476Z] [runtime-status] [21683] Resolved module firebase-functions {"declared":true,"installed":true,"version":"3.11.0","resolution":"/Users/pakerchang/Documents/GitHub/Front-End/React/amazon-clone/functions/node_modules/firebase-functions/lib/index.js"} {"metadata":{"emulator":{"name":"functions"},"message":"[runtime-status] [21683] Resolved module firebase-functions {\"declared\":true,\"installed\":true,\"version\":\"3.11.0\",\"resolution\":\"/Users/pakerchang/Documents/GitHub/Front-End/React/amazon-clone/functions/node_modules/firebase-functions/lib/index.js\"}"}}
[debug] [2020-10-09T17:40:15.477Z] [runtime-status] [21683] Outgoing network have been stubbed. [{"name":"http","status":"mocked"},{"name":"http","status":"mocked"},{"name":"https","status":"mocked"},{"name":"https","status":"mocked"},{"name":"net","status":"mocked"}] {"metadata":{"emulator":{"name":"functions"},"message":"[runtime-status] [21683] Outgoing network have been stubbed. [{\"name\":\"http\",\"status\":\"mocked\"},{\"name\":\"http\",\"status\":\"mocked\"},{\"name\":\"https\",\"status\":\"mocked\"},{\"name\":\"https\",\"status\":\"mocked\"},{\"name\":\"net\",\"status\":\"mocked\"}]"}}
[debug] [2020-10-09T17:40:15.478Z] [runtime-status] [21683] Resolved module firebase-functions {"declared":true,"installed":true,"version":"3.11.0","resolution":"/Users/pakerchang/Documents/GitHub/Front-End/React/amazon-clone/functions/node_modules/firebase-functions/lib/index.js"} {"metadata":{"emulator":{"name":"functions"},"message":"[runtime-status] [21683] Resolved module firebase-functions {\"declared\":true,\"installed\":true,\"version\":\"3.11.0\",\"resolution\":\"/Users/pakerchang/Documents/GitHub/Front-End/React/amazon-clone/functions/node_modules/firebase-functions/lib/index.js\"}"}}
[debug] [2020-10-09T17:40:15.541Z] [runtime-status] [21683] Checked functions.config() {"config":{}} {"metadata":{"emulator":{"name":"functions"},"message":"[runtime-status] [21683] Checked functions.config() {\"config\":{}}"}}
[debug] [2020-10-09T17:40:15.541Z] [runtime-status] [21683] firebase-functions has been stubbed. {"functionsResolution":{"declared":true,"installed":true,"version":"3.11.0","resolution":"/Users/pakerchang/Documents/GitHub/Front-End/React/amazon-clone/functions/node_modules/firebase-functions/lib/index.js"}} {"metadata":{"emulator":{"name":"functions"},"message":"[runtime-status] [21683] firebase-functions has been stubbed. {\"functionsResolution\":{\"declared\":true,\"installed\":true,\"version\":\"3.11.0\",\"resolution\":\"/Users/pakerchang/Documents/GitHub/Front-End/React/amazon-clone/functions/node_modules/firebase-functions/lib/index.js\"}}"}}
[debug] [2020-10-09T17:40:15.541Z] [runtime-status] [21683] Resolved module firebase-functions {"declared":true,"installed":true,"version":"3.11.0","resolution":"/Users/pakerchang/Documents/GitHub/Front-End/React/amazon-clone/functions/node_modules/firebase-functions/lib/index.js"} {"metadata":{"emulator":{"name":"functions"},"message":"[runtime-status] [21683] Resolved module firebase-functions {\"declared\":true,\"installed\":true,\"version\":\"3.11.0\",\"resolution\":\"/Users/pakerchang/Documents/GitHub/Front-End/React/amazon-clone/functions/node_modules/firebase-functions/lib/index.js\"}"}}
[debug] [2020-10-09T17:40:15.542Z] [runtime-status] [21683] Resolved module firebase-admin {"declared":true,"installed":true,"version":"8.13.0","resolution":"/Users/pakerchang/Documents/GitHub/Front-End/React/amazon-clone/functions/node_modules/firebase-admin/lib/index.js"} {"metadata":{"emulator":{"name":"functions"},"message":"[runtime-status] [21683] Resolved module firebase-admin {\"declared\":true,\"installed\":true,\"version\":\"8.13.0\",\"resolution\":\"/Users/pakerchang/Documents/GitHub/Front-End/React/amazon-clone/functions/node_modules/firebase-admin/lib/index.js\"}"}}
[debug] [2020-10-09T17:40:15.543Z] [runtime-status] [21683] Resolved module firebase-functions {"declared":true,"installed":true,"version":"3.11.0","resolution":"/Users/pakerchang/Documents/GitHub/Front-End/React/amazon-clone/functions/node_modules/firebase-functions/lib/index.js"} {"metadata":{"emulator":{"name":"functions"},"message":"[runtime-status] [21683] Resolved module firebase-functions {\"declared\":true,\"installed\":true,\"version\":\"3.11.0\",\"resolution\":\"/Users/pakerchang/Documents/GitHub/Front-End/React/amazon-clone/functions/node_modules/firebase-functions/lib/index.js\"}"}}
[debug] [2020-10-09T17:40:15.543Z] [runtime-status] [21683] firebase-admin has been stubbed. {"adminResolution":{"declared":true,"installed":true,"version":"8.13.0","resolution":"/Users/pakerchang/Documents/GitHub/Front-End/React/amazon-clone/functions/node_modules/firebase-admin/lib/index.js"}} {"metadata":{"emulator":{"name":"functions"},"message":"[runtime-status] [21683] firebase-admin has been stubbed. {\"adminResolution\":{\"declared\":true,\"installed\":true,\"version\":\"8.13.0\",\"resolution\":\"/Users/pakerchang/Documents/GitHub/Front-End/React/amazon-clone/functions/node_modules/firebase-admin/lib/index.js\"}}"}}
[info] ✔  functions[api]: http function initialized (http://localhost:5001/clone-8001b/us-central1/api). {"metadata":{"emulator":{"name":"functions"},"message":"\u001b[1mhttp\u001b[22m function initialized (http://localhost:5001/clone-8001b/us-central1/api)."}}
[info] 
┌───────────────────────────────────────────────────────────────────────┐
│ ✔  All emulators ready! View status and logs at http://localhost:4000 │
└───────────────────────────────────────────────────────────────────────┘

┌───────────┬────────────────┬─────────────────────────────────┐
│ Emulator  │ Host:Port      │ View in Emulator UI             │
├───────────┼────────────────┼─────────────────────────────────┤
│ Functions │ localhost:5001 │ http://localhost:4000/functions │
├───────────┼────────────────┼─────────────────────────────────┤
│ Hosting   │ localhost:5000 │ n/a                             │
└───────────┴────────────────┴─────────────────────────────────┘
  Other reserved ports: 4400, 4500

Issues? Report them at https://github.com/firebase/firebase-tools/issues and attach the *-debug.log files.
 
[debug] [2020-10-09T17:40:15.747Z] [worker-~diagnostic~-5993282b-a130-4a4b-bcbd-96e425669430]: IDLE {"metadata":{"emulator":{"name":"functions"},"message":"[worker-~diagnostic~-5993282b-a130-4a4b-bcbd-96e425669430]: IDLE"}}
[debug] [2020-10-09T17:40:36.651Z] [work-queue] {"queueLength":1,"workRunningCount":0}
[debug] [2020-10-09T17:40:36.651Z] [work-queue] {"queueLength":0,"workRunningCount":1}
[debug] [2020-10-09T17:40:36.652Z] Accepted request POST /clone-8001b/us-central1/api/payments/create?total=57699 --> api
[debug] [2020-10-09T17:40:36.657Z] [worker-pool] addWorker(api) {"metadata":{"emulator":{"name":"functions"},"message":"[worker-pool] addWorker(api)"}}
[debug] [2020-10-09T17:40:36.658Z] [worker-pool] Adding worker with key api, total=1 {"metadata":{"emulator":{"name":"functions"},"message":"[worker-pool] Adding worker with key api, total=1"}}
[debug] [2020-10-09T17:40:36.658Z] [worker-pool] submitWork(triggerId=api) {"metadata":{"emulator":{"name":"functions"},"message":"[worker-pool] submitWork(triggerId=api)"}}
[debug] [2020-10-09T17:40:36.658Z] [worker-api-987c3de5-5cc0-495b-996e-cac0e238ac01]: Assigning socketPath: /var/folders/90/mv5y52hs541d8v92p0t64rmr0000gn/T/fire_emu_21695.sock {"metadata":{"emulator":{"name":"functions"},"message":"[worker-api-987c3de5-5cc0-495b-996e-cac0e238ac01]: Assigning socketPath: /var/folders/90/mv5y52hs541d8v92p0t64rmr0000gn/T/fire_emu_21695.sock"}}
[debug] [2020-10-09T17:40:36.658Z] [worker-api-987c3de5-5cc0-495b-996e-cac0e238ac01]: BUSY {"metadata":{"emulator":{"name":"functions"},"message":"[worker-api-987c3de5-5cc0-495b-996e-cac0e238ac01]: BUSY"}}
[debug] [2020-10-09T17:40:36.956Z] [runtime-status] [21695] Functions runtime initialized. {"cwd":"/Users/pakerchang/Documents/GitHub/Front-End/React/amazon-clone/functions","node_version":"14.9.0"} {"metadata":{"emulator":{"name":"functions"},"function":{"name":"api"},"message":"[runtime-status] [21695] Functions runtime initialized. {\"cwd\":\"/Users/pakerchang/Documents/GitHub/Front-End/React/amazon-clone/functions\",\"node_version\":\"14.9.0\"}"}}
[debug] [2020-10-09T17:40:36.957Z] [runtime-status] [21695] Disabled runtime features: undefined {"metadata":{"emulator":{"name":"functions"},"function":{"name":"api"},"message":"[runtime-status] [21695] Disabled runtime features: undefined"}}
[debug] [2020-10-09T17:40:36.959Z] [runtime-status] [21695] Resolved module firebase-admin {"declared":true,"installed":true,"version":"8.13.0","resolution":"/Users/pakerchang/Documents/GitHub/Front-End/React/amazon-clone/functions/node_modules/firebase-admin/lib/index.js"} {"metadata":{"emulator":{"name":"functions"},"function":{"name":"api"},"message":"[runtime-status] [21695] Resolved module firebase-admin {\"declared\":true,\"installed\":true,\"version\":\"8.13.0\",\"resolution\":\"/Users/pakerchang/Documents/GitHub/Front-End/React/amazon-clone/functions/node_modules/firebase-admin/lib/index.js\"}"}}
[debug] [2020-10-09T17:40:36.960Z] [runtime-status] [21695] Resolved module firebase-functions {"declared":true,"installed":true,"version":"3.11.0","resolution":"/Users/pakerchang/Documents/GitHub/Front-End/React/amazon-clone/functions/node_modules/firebase-functions/lib/index.js"} {"metadata":{"emulator":{"name":"functions"},"function":{"name":"api"},"message":"[runtime-status] [21695] Resolved module firebase-functions {\"declared\":true,\"installed\":true,\"version\":\"3.11.0\",\"resolution\":\"/Users/pakerchang/Documents/GitHub/Front-End/React/amazon-clone/functions/node_modules/firebase-functions/lib/index.js\"}"}}
[debug] [2020-10-09T17:40:36.961Z] [runtime-status] [21695] Resolved module firebase-functions {"declared":true,"installed":true,"version":"3.11.0","resolution":"/Users/pakerchang/Documents/GitHub/Front-End/React/amazon-clone/functions/node_modules/firebase-functions/lib/index.js"} {"metadata":{"emulator":{"name":"functions"},"function":{"name":"api"},"message":"[runtime-status] [21695] Resolved module firebase-functions {\"declared\":true,\"installed\":true,\"version\":\"3.11.0\",\"resolution\":\"/Users/pakerchang/Documents/GitHub/Front-End/React/amazon-clone/functions/node_modules/firebase-functions/lib/index.js\"}"}}
[debug] [2020-10-09T17:40:36.963Z] [runtime-status] [21695] Outgoing network have been stubbed. [{"name":"http","status":"mocked"},{"name":"http","status":"mocked"},{"name":"https","status":"mocked"},{"name":"https","status":"mocked"},{"name":"net","status":"mocked"}] {"metadata":{"emulator":{"name":"functions"},"function":{"name":"api"},"message":"[runtime-status] [21695] Outgoing network have been stubbed. [{\"name\":\"http\",\"status\":\"mocked\"},{\"name\":\"http\",\"status\":\"mocked\"},{\"name\":\"https\",\"status\":\"mocked\"},{\"name\":\"https\",\"status\":\"mocked\"},{\"name\":\"net\",\"status\":\"mocked\"}]"}}
[debug] [2020-10-09T17:40:36.963Z] [runtime-status] [21695] Resolved module firebase-functions {"declared":true,"installed":true,"version":"3.11.0","resolution":"/Users/pakerchang/Documents/GitHub/Front-End/React/amazon-clone/functions/node_modules/firebase-functions/lib/index.js"} {"metadata":{"emulator":{"name":"functions"},"function":{"name":"api"},"message":"[runtime-status] [21695] Resolved module firebase-functions {\"declared\":true,\"installed\":true,\"version\":\"3.11.0\",\"resolution\":\"/Users/pakerchang/Documents/GitHub/Front-End/React/amazon-clone/functions/node_modules/firebase-functions/lib/index.js\"}"}}
[debug] [2020-10-09T17:40:36.993Z] [runtime-status] [21695] Checked functions.config() {"config":{}} {"metadata":{"emulator":{"name":"functions"},"function":{"name":"api"},"message":"[runtime-status] [21695] Checked functions.config() {\"config\":{}}"}}
[debug] [2020-10-09T17:40:36.993Z] [runtime-status] [21695] firebase-functions has been stubbed. {"functionsResolution":{"declared":true,"installed":true,"version":"3.11.0","resolution":"/Users/pakerchang/Documents/GitHub/Front-End/React/amazon-clone/functions/node_modules/firebase-functions/lib/index.js"}} {"metadata":{"emulator":{"name":"functions"},"function":{"name":"api"},"message":"[runtime-status] [21695] firebase-functions has been stubbed. {\"functionsResolution\":{\"declared\":true,\"installed\":true,\"version\":\"3.11.0\",\"resolution\":\"/Users/pakerchang/Documents/GitHub/Front-End/React/amazon-clone/functions/node_modules/firebase-functions/lib/index.js\"}}"}}
[debug] [2020-10-09T17:40:36.993Z] [runtime-status] [21695] Resolved module firebase-functions {"declared":true,"installed":true,"version":"3.11.0","resolution":"/Users/pakerchang/Documents/GitHub/Front-End/React/amazon-clone/functions/node_modules/firebase-functions/lib/index.js"} {"metadata":{"emulator":{"name":"functions"},"function":{"name":"api"},"message":"[runtime-status] [21695] Resolved module firebase-functions {\"declared\":true,\"installed\":true,\"version\":\"3.11.0\",\"resolution\":\"/Users/pakerchang/Documents/GitHub/Front-End/React/amazon-clone/functions/node_modules/firebase-functions/lib/index.js\"}"}}
[debug] [2020-10-09T17:40:36.994Z] [runtime-status] [21695] Resolved module firebase-admin {"declared":true,"installed":true,"version":"8.13.0","resolution":"/Users/pakerchang/Documents/GitHub/Front-End/React/amazon-clone/functions/node_modules/firebase-admin/lib/index.js"} {"metadata":{"emulator":{"name":"functions"},"function":{"name":"api"},"message":"[runtime-status] [21695] Resolved module firebase-admin {\"declared\":true,\"installed\":true,\"version\":\"8.13.0\",\"resolution\":\"/Users/pakerchang/Documents/GitHub/Front-End/React/amazon-clone/functions/node_modules/firebase-admin/lib/index.js\"}"}}
[debug] [2020-10-09T17:40:36.994Z] [runtime-status] [21695] Resolved module firebase-functions {"declared":true,"installed":true,"version":"3.11.0","resolution":"/Users/pakerchang/Documents/GitHub/Front-End/React/amazon-clone/functions/node_modules/firebase-functions/lib/index.js"} {"metadata":{"emulator":{"name":"functions"},"function":{"name":"api"},"message":"[runtime-status] [21695] Resolved module firebase-functions {\"declared\":true,\"installed\":true,\"version\":\"3.11.0\",\"resolution\":\"/Users/pakerchang/Documents/GitHub/Front-End/React/amazon-clone/functions/node_modules/firebase-functions/lib/index.js\"}"}}
[debug] [2020-10-09T17:40:36.995Z] [runtime-status] [21695] firebase-admin has been stubbed. {"adminResolution":{"declared":true,"installed":true,"version":"8.13.0","resolution":"/Users/pakerchang/Documents/GitHub/Front-End/React/amazon-clone/functions/node_modules/firebase-admin/lib/index.js"}} {"metadata":{"emulator":{"name":"functions"},"function":{"name":"api"},"message":"[runtime-status] [21695] firebase-admin has been stubbed. {\"adminResolution\":{\"declared\":true,\"installed\":true,\"version\":\"8.13.0\",\"resolution\":\"/Users/pakerchang/Documents/GitHub/Front-End/React/amazon-clone/functions/node_modules/firebase-admin/lib/index.js\"}}"}}
[debug] [2020-10-09T17:40:37.090Z] [runtime-status] [21695] Trigger "api" has been found, beginning invocation! {"metadata":{"emulator":{"name":"functions"},"function":{"name":"api"},"message":"[runtime-status] [21695] Trigger \"api\" has been found, beginning invocation!"}}
[info] i  functions: Beginning execution of "api" {"metadata":{"emulator":{"name":"functions"},"function":{"name":"api"},"message":"Beginning execution of \"api\""}}
[debug] [2020-10-09T17:40:37.091Z] [runtime-status] [21695] triggerDefinition {"httpsTrigger":{},"name":"api","entryPoint":"api"} {"metadata":{"emulator":{"name":"functions"},"function":{"name":"api"},"message":"[runtime-status] [21695] triggerDefinition {\"httpsTrigger\":{},\"name\":\"api\",\"entryPoint\":\"api\"}"}}
[debug] [2020-10-09T17:40:37.091Z] [runtime-status] [21695] Running api in mode HTTPS {"metadata":{"emulator":{"name":"functions"},"function":{"name":"api"},"message":"[runtime-status] [21695] Running api in mode HTTPS"}}
[debug] [2020-10-09T17:40:37.094Z] [runtime-status] [21695] Attempting to listen to socketPath: /var/folders/90/mv5y52hs541d8v92p0t64rmr0000gn/T/fire_emu_21695.sock {"metadata":{"emulator":{"name":"functions"},"function":{"name":"api"},"message":"[runtime-status] [21695] Attempting to listen to socketPath: /var/folders/90/mv5y52hs541d8v92p0t64rmr0000gn/T/fire_emu_21695.sock"}}
[debug] [2020-10-09T17:40:37.097Z] [functions] Runtime ready! Sending request! {"metadata":{"emulator":{"name":"functions"},"message":"[functions] Runtime ready! Sending request!"}}
[debug] [2020-10-09T17:40:37.109Z] [runtime-status] [21695] Ephemeral server handling POST request {"metadata":{"emulator":{"name":"functions"},"function":{"name":"api"},"message":"[runtime-status] [21695] Ephemeral server handling POST request"}}
[info] >  Payment Request Recieved BOOM!!! for this amount >>>  57699 {"user":"Payment Request Recieved BOOM!!! for this amount >>>  57699","metadata":{"emulator":{"name":"functions"},"function":{"name":"api"},"message":"\u001b[90m> \u001b[39m Payment Request Recieved BOOM!!! for this amount >>>  57699"}}
[debug] [2020-10-09T17:40:37.125Z] [runtime-status] [21695] Ephemeral server survived. {"metadata":{"emulator":{"name":"functions"},"function":{"name":"api"},"message":"[runtime-status] [21695] Ephemeral server survived."}}
[info] i  functions: Finished "api" in ~1s {"metadata":{"emulator":{"name":"functions"},"function":{"name":"api"},"message":"Finished \"api\" in ~1s"}}
[debug] [2020-10-09T17:40:37.891Z] [worker-api-987c3de5-5cc0-495b-996e-cac0e238ac01]: IDLE {"metadata":{"emulator":{"name":"functions"},"message":"[worker-api-987c3de5-5cc0-495b-996e-cac0e238ac01]: IDLE"}}
[debug] [2020-10-09T17:40:37.892Z] [work-queue] {"queueLength":0,"workRunningCount":0}
[debug] [2020-10-09T18:27:29.755Z] [work-queue] {"queueLength":1,"workRunningCount":0}
[debug] [2020-10-09T18:27:29.755Z] [work-queue] {"queueLength":0,"workRunningCount":1}
[debug] [2020-10-09T18:27:29.755Z] Accepted request POST /clone-8001b/us-central1/api/payments/create?total=198295 --> api
[debug] [2020-10-09T18:27:29.755Z] [worker-pool] submitWork(triggerId=api) {"metadata":{"emulator":{"name":"functions"},"message":"[worker-pool] submitWork(triggerId=api)"}}
[debug] [2020-10-09T18:27:29.755Z] [worker-api-987c3de5-5cc0-495b-996e-cac0e238ac01]: Assigning socketPath: /var/folders/90/mv5y52hs541d8v92p0t64rmr0000gn/T/fire_emu_21695.sock {"metadata":{"emulator":{"name":"functions"},"message":"[worker-api-987c3de5-5cc0-495b-996e-cac0e238ac01]: Assigning socketPath: /var/folders/90/mv5y52hs541d8v92p0t64rmr0000gn/T/fire_emu_21695.sock"}}
[debug] [2020-10-09T18:27:29.755Z] [worker-api-987c3de5-5cc0-495b-996e-cac0e238ac01]: BUSY {"metadata":{"emulator":{"name":"functions"},"message":"[worker-api-987c3de5-5cc0-495b-996e-cac0e238ac01]: BUSY"}}
[debug] [2020-10-09T18:27:29.757Z] [runtime-status] [21695] Trigger "api" has been found, beginning invocation! {"metadata":{"emulator":{"name":"functions"},"function":{"name":"api"},"message":"[runtime-status] [21695] Trigger \"api\" has been found, beginning invocation!"}}
[info] i  functions: Beginning execution of "api" {"metadata":{"emulator":{"name":"functions"},"function":{"name":"api"},"message":"Beginning execution of \"api\""}}
[debug] [2020-10-09T18:27:29.758Z] [runtime-status] [21695] triggerDefinition {"httpsTrigger":{},"name":"api","entryPoint":"api"} {"metadata":{"emulator":{"name":"functions"},"function":{"name":"api"},"message":"[runtime-status] [21695] triggerDefinition {\"httpsTrigger\":{},\"name\":\"api\",\"entryPoint\":\"api\"}"}}
[debug] [2020-10-09T18:27:29.759Z] [runtime-status] [21695] Running api in mode HTTPS {"metadata":{"emulator":{"name":"functions"},"function":{"name":"api"},"message":"[runtime-status] [21695] Running api in mode HTTPS"}}
[debug] [2020-10-09T18:27:29.761Z] [runtime-status] [21695] Attempting to listen to socketPath: /var/folders/90/mv5y52hs541d8v92p0t64rmr0000gn/T/fire_emu_21695.sock {"metadata":{"emulator":{"name":"functions"},"function":{"name":"api"},"message":"[runtime-status] [21695] Attempting to listen to socketPath: /var/folders/90/mv5y52hs541d8v92p0t64rmr0000gn/T/fire_emu_21695.sock"}}
[debug] [2020-10-09T18:27:29.764Z] [functions] Runtime ready! Sending request! {"metadata":{"emulator":{"name":"functions"},"message":"[functions] Runtime ready! Sending request!"}}
[debug] [2020-10-09T18:27:29.770Z] [runtime-status] [21695] Ephemeral server handling POST request {"metadata":{"emulator":{"name":"functions"},"function":{"name":"api"},"message":"[runtime-status] [21695] Ephemeral server handling POST request"}}
[info] >  Payment Request Recieved BOOM!!! for this amount >>>  198295 {"user":"Payment Request Recieved BOOM!!! for this amount >>>  198295","metadata":{"emulator":{"name":"functions"},"function":{"name":"api"},"message":"\u001b[90m> \u001b[39m Payment Request Recieved BOOM!!! for this amount >>>  198295"}}
[debug] [2020-10-09T18:27:29.774Z] [runtime-status] [21695] Ephemeral server survived. {"metadata":{"emulator":{"name":"functions"},"function":{"name":"api"},"message":"[runtime-status] [21695] Ephemeral server survived."}}
[info] i  functions: Finished "api" in ~1s {"metadata":{"emulator":{"name":"functions"},"function":{"name":"api"},"message":"Finished \"api\" in ~1s"}}
[debug] [2020-10-09T18:27:30.455Z] [worker-api-987c3de5-5cc0-495b-996e-cac0e238ac01]: IDLE {"metadata":{"emulator":{"name":"functions"},"message":"[worker-api-987c3de5-5cc0-495b-996e-cac0e238ac01]: IDLE"}}
[debug] [2020-10-09T18:27:30.455Z] [work-queue] {"queueLength":0,"workRunningCount":0}
[debug] [2020-10-09T18:30:04.010Z] [work-queue] {"queueLength":1,"workRunningCount":0}
[debug] [2020-10-09T18:30:04.010Z] [work-queue] {"queueLength":0,"workRunningCount":1}
[debug] [2020-10-09T18:30:04.010Z] Accepted request POST /clone-8001b/us-central1/api/payments/create?total=112697 --> api
[debug] [2020-10-09T18:30:04.010Z] [worker-pool] submitWork(triggerId=api) {"metadata":{"emulator":{"name":"functions"},"message":"[worker-pool] submitWork(triggerId=api)"}}
[debug] [2020-10-09T18:30:04.011Z] [worker-api-987c3de5-5cc0-495b-996e-cac0e238ac01]: Assigning socketPath: /var/folders/90/mv5y52hs541d8v92p0t64rmr0000gn/T/fire_emu_21695.sock {"metadata":{"emulator":{"name":"functions"},"message":"[worker-api-987c3de5-5cc0-495b-996e-cac0e238ac01]: Assigning socketPath: /var/folders/90/mv5y52hs541d8v92p0t64rmr0000gn/T/fire_emu_21695.sock"}}
[debug] [2020-10-09T18:30:04.011Z] [worker-api-987c3de5-5cc0-495b-996e-cac0e238ac01]: BUSY {"metadata":{"emulator":{"name":"functions"},"message":"[worker-api-987c3de5-5cc0-495b-996e-cac0e238ac01]: BUSY"}}
[debug] [2020-10-09T18:30:04.011Z] [runtime-status] [21695] Trigger "api" has been found, beginning invocation! {"metadata":{"emulator":{"name":"functions"},"function":{"name":"api"},"message":"[runtime-status] [21695] Trigger \"api\" has been found, beginning invocation!"}}
[info] i  functions: Beginning execution of "api" {"metadata":{"emulator":{"name":"functions"},"function":{"name":"api"},"message":"Beginning execution of \"api\""}}
[debug] [2020-10-09T18:30:04.013Z] [runtime-status] [21695] triggerDefinition {"httpsTrigger":{},"name":"api","entryPoint":"api"} {"metadata":{"emulator":{"name":"functions"},"function":{"name":"api"},"message":"[runtime-status] [21695] triggerDefinition {\"httpsTrigger\":{},\"name\":\"api\",\"entryPoint\":\"api\"}"}}
[debug] [2020-10-09T18:30:04.013Z] [runtime-status] [21695] Running api in mode HTTPS {"metadata":{"emulator":{"name":"functions"},"function":{"name":"api"},"message":"[runtime-status] [21695] Running api in mode HTTPS"}}
[debug] [2020-10-09T18:30:04.013Z] [runtime-status] [21695] Attempting to listen to socketPath: /var/folders/90/mv5y52hs541d8v92p0t64rmr0000gn/T/fire_emu_21695.sock {"metadata":{"emulator":{"name":"functions"},"function":{"name":"api"},"message":"[runtime-status] [21695] Attempting to listen to socketPath: /var/folders/90/mv5y52hs541d8v92p0t64rmr0000gn/T/fire_emu_21695.sock"}}
[debug] [2020-10-09T18:30:04.015Z] [functions] Runtime ready! Sending request! {"metadata":{"emulator":{"name":"functions"},"message":"[functions] Runtime ready! Sending request!"}}
[debug] [2020-10-09T18:30:04.019Z] [runtime-status] [21695] Ephemeral server handling POST request {"metadata":{"emulator":{"name":"functions"},"function":{"name":"api"},"message":"[runtime-status] [21695] Ephemeral server handling POST request"}}
[info] >  Payment Request Recieved BOOM!!! for this amount >>>  112697 {"user":"Payment Request Recieved BOOM!!! for this amount >>>  112697","metadata":{"emulator":{"name":"functions"},"function":{"name":"api"},"message":"\u001b[90m> \u001b[39m Payment Request Recieved BOOM!!! for this amount >>>  112697"}}
[debug] [2020-10-09T18:30:04.021Z] [runtime-status] [21695] Ephemeral server survived. {"metadata":{"emulator":{"name":"functions"},"function":{"name":"api"},"message":"[runtime-status] [21695] Ephemeral server survived."}}
[info] i  functions: Finished "api" in ~1s {"metadata":{"emulator":{"name":"functions"},"function":{"name":"api"},"message":"Finished \"api\" in ~1s"}}
[debug] [2020-10-09T18:30:04.619Z] [worker-api-987c3de5-5cc0-495b-996e-cac0e238ac01]: IDLE {"metadata":{"emulator":{"name":"functions"},"message":"[worker-api-987c3de5-5cc0-495b-996e-cac0e238ac01]: IDLE"}}
[debug] [2020-10-09T18:30:04.620Z] [work-queue] {"queueLength":0,"workRunningCount":0}
[debug] [2020-10-09T23:01:56.385Z] [work-queue] {"queueLength":1,"workRunningCount":0}
[debug] [2020-10-09T23:01:56.386Z] [work-queue] {"queueLength":0,"workRunningCount":1}
[debug] [2020-10-09T23:01:56.386Z] Accepted request POST /clone-8001b/us-central1/api/payments/create?total=112697 --> api
[debug] [2020-10-09T23:01:56.386Z] [worker-pool] submitWork(triggerId=api) {"metadata":{"emulator":{"name":"functions"},"message":"[worker-pool] submitWork(triggerId=api)"}}
[debug] [2020-10-09T23:01:56.386Z] [worker-api-987c3de5-5cc0-495b-996e-cac0e238ac01]: Assigning socketPath: /var/folders/90/mv5y52hs541d8v92p0t64rmr0000gn/T/fire_emu_21695.sock {"metadata":{"emulator":{"name":"functions"},"message":"[worker-api-987c3de5-5cc0-495b-996e-cac0e238ac01]: Assigning socketPath: /var/folders/90/mv5y52hs541d8v92p0t64rmr0000gn/T/fire_emu_21695.sock"}}
[debug] [2020-10-09T23:01:56.386Z] [worker-api-987c3de5-5cc0-495b-996e-cac0e238ac01]: BUSY {"metadata":{"emulator":{"name":"functions"},"message":"[worker-api-987c3de5-5cc0-495b-996e-cac0e238ac01]: BUSY"}}
[debug] [2020-10-09T23:01:56.388Z] [runtime-status] [21695] Trigger "api" has been found, beginning invocation! {"metadata":{"emulator":{"name":"functions"},"function":{"name":"api"},"message":"[runtime-status] [21695] Trigger \"api\" has been found, beginning invocation!"}}
[info] i  functions: Beginning execution of "api" {"metadata":{"emulator":{"name":"functions"},"function":{"name":"api"},"message":"Beginning execution of \"api\""}}
[debug] [2020-10-09T23:01:56.389Z] [runtime-status] [21695] triggerDefinition {"httpsTrigger":{},"name":"api","entryPoint":"api"} {"metadata":{"emulator":{"name":"functions"},"function":{"name":"api"},"message":"[runtime-status] [21695] triggerDefinition {\"httpsTrigger\":{},\"name\":\"api\",\"entryPoint\":\"api\"}"}}
[debug] [2020-10-09T23:01:56.389Z] [runtime-status] [21695] Running api in mode HTTPS {"metadata":{"emulator":{"name":"functions"},"function":{"name":"api"},"message":"[runtime-status] [21695] Running api in mode HTTPS"}}
[debug] [2020-10-09T23:01:56.391Z] [runtime-status] [21695] Attempting to listen to socketPath: /var/folders/90/mv5y52hs541d8v92p0t64rmr0000gn/T/fire_emu_21695.sock {"metadata":{"emulator":{"name":"functions"},"function":{"name":"api"},"message":"[runtime-status] [21695] Attempting to listen to socketPath: /var/folders/90/mv5y52hs541d8v92p0t64rmr0000gn/T/fire_emu_21695.sock"}}
[debug] [2020-10-09T23:01:56.394Z] [functions] Runtime ready! Sending request! {"metadata":{"emulator":{"name":"functions"},"message":"[functions] Runtime ready! Sending request!"}}
[debug] [2020-10-09T23:01:56.398Z] [runtime-status] [21695] Ephemeral server handling POST request {"metadata":{"emulator":{"name":"functions"},"function":{"name":"api"},"message":"[runtime-status] [21695] Ephemeral server handling POST request"}}
[info] >  Payment Request Recieved BOOM!!! for this amount >>>  112697 {"user":"Payment Request Recieved BOOM!!! for this amount >>>  112697","metadata":{"emulator":{"name":"functions"},"function":{"name":"api"},"message":"\u001b[90m> \u001b[39m Payment Request Recieved BOOM!!! for this amount >>>  112697"}}
[debug] [2020-10-09T23:01:56.403Z] [runtime-status] [21695] Ephemeral server survived. {"metadata":{"emulator":{"name":"functions"},"function":{"name":"api"},"message":"[runtime-status] [21695] Ephemeral server survived."}}
[info] i  functions: Finished "api" in ~1s {"metadata":{"emulator":{"name":"functions"},"function":{"name":"api"},"message":"Finished \"api\" in ~1s"}}
[debug] [2020-10-09T23:01:57.125Z] [worker-api-987c3de5-5cc0-495b-996e-cac0e238ac01]: IDLE {"metadata":{"emulator":{"name":"functions"},"message":"[worker-api-987c3de5-5cc0-495b-996e-cac0e238ac01]: IDLE"}}
[debug] [2020-10-09T23:01:57.126Z] [work-queue] {"queueLength":0,"workRunningCount":0}
[debug] [2020-10-09T23:02:02.729Z] [work-queue] {"queueLength":1,"workRunningCount":0}
[debug] [2020-10-09T23:02:02.729Z] [work-queue] {"queueLength":0,"workRunningCount":1}
[debug] [2020-10-09T23:02:02.729Z] Accepted request POST /clone-8001b/us-central1/api/payments/create?total=88797 --> api
[debug] [2020-10-09T23:02:02.729Z] [worker-pool] submitWork(triggerId=api) {"metadata":{"emulator":{"name":"functions"},"message":"[worker-pool] submitWork(triggerId=api)"}}
[debug] [2020-10-09T23:02:02.730Z] [worker-api-987c3de5-5cc0-495b-996e-cac0e238ac01]: Assigning socketPath: /var/folders/90/mv5y52hs541d8v92p0t64rmr0000gn/T/fire_emu_21695.sock {"metadata":{"emulator":{"name":"functions"},"message":"[worker-api-987c3de5-5cc0-495b-996e-cac0e238ac01]: Assigning socketPath: /var/folders/90/mv5y52hs541d8v92p0t64rmr0000gn/T/fire_emu_21695.sock"}}
[debug] [2020-10-09T23:02:02.730Z] [worker-api-987c3de5-5cc0-495b-996e-cac0e238ac01]: BUSY {"metadata":{"emulator":{"name":"functions"},"message":"[worker-api-987c3de5-5cc0-495b-996e-cac0e238ac01]: BUSY"}}
[debug] [2020-10-09T23:02:02.731Z] [runtime-status] [21695] Trigger "api" has been found, beginning invocation! {"metadata":{"emulator":{"name":"functions"},"function":{"name":"api"},"message":"[runtime-status] [21695] Trigger \"api\" has been found, beginning invocation!"}}
[info] i  functions: Beginning execution of "api" {"metadata":{"emulator":{"name":"functions"},"function":{"name":"api"},"message":"Beginning execution of \"api\""}}
[debug] [2020-10-09T23:02:02.732Z] [runtime-status] [21695] triggerDefinition {"httpsTrigger":{},"name":"api","entryPoint":"api"} {"metadata":{"emulator":{"name":"functions"},"function":{"name":"api"},"message":"[runtime-status] [21695] triggerDefinition {\"httpsTrigger\":{},\"name\":\"api\",\"entryPoint\":\"api\"}"}}
[debug] [2020-10-09T23:02:02.732Z] [runtime-status] [21695] Running api in mode HTTPS {"metadata":{"emulator":{"name":"functions"},"function":{"name":"api"},"message":"[runtime-status] [21695] Running api in mode HTTPS"}}
[debug] [2020-10-09T23:02:02.732Z] [runtime-status] [21695] Attempting to listen to socketPath: /var/folders/90/mv5y52hs541d8v92p0t64rmr0000gn/T/fire_emu_21695.sock {"metadata":{"emulator":{"name":"functions"},"function":{"name":"api"},"message":"[runtime-status] [21695] Attempting to listen to socketPath: /var/folders/90/mv5y52hs541d8v92p0t64rmr0000gn/T/fire_emu_21695.sock"}}
[debug] [2020-10-09T23:02:02.734Z] [functions] Runtime ready! Sending request! {"metadata":{"emulator":{"name":"functions"},"message":"[functions] Runtime ready! Sending request!"}}
[debug] [2020-10-09T23:02:02.737Z] [runtime-status] [21695] Ephemeral server handling POST request {"metadata":{"emulator":{"name":"functions"},"function":{"name":"api"},"message":"[runtime-status] [21695] Ephemeral server handling POST request"}}
[info] >  Payment Request Recieved BOOM!!! for this amount >>>  88797 {"user":"Payment Request Recieved BOOM!!! for this amount >>>  88797","metadata":{"emulator":{"name":"functions"},"function":{"name":"api"},"message":"\u001b[90m> \u001b[39m Payment Request Recieved BOOM!!! for this amount >>>  88797"}}
[debug] [2020-10-09T23:02:02.739Z] [runtime-status] [21695] Ephemeral server survived. {"metadata":{"emulator":{"name":"functions"},"function":{"name":"api"},"message":"[runtime-status] [21695] Ephemeral server survived."}}
[info] i  functions: Finished "api" in ~1s {"metadata":{"emulator":{"name":"functions"},"function":{"name":"api"},"message":"Finished \"api\" in ~1s"}}
[debug] [2020-10-09T23:02:03.043Z] [worker-api-987c3de5-5cc0-495b-996e-cac0e238ac01]: IDLE {"metadata":{"emulator":{"name":"functions"},"message":"[worker-api-987c3de5-5cc0-495b-996e-cac0e238ac01]: IDLE"}}
[debug] [2020-10-09T23:02:03.043Z] [work-queue] {"queueLength":0,"workRunningCount":0}
[debug] [2020-10-09T23:02:12.363Z] [work-queue] {"queueLength":1,"workRunningCount":0}
[debug] [2020-10-09T23:02:12.364Z] [work-queue] {"queueLength":0,"workRunningCount":1}
[debug] [2020-10-09T23:02:12.364Z] Accepted request POST /clone-8001b/us-central1/api/payments/create?total=0 --> api
[debug] [2020-10-09T23:02:12.364Z] [worker-pool] submitWork(triggerId=api) {"metadata":{"emulator":{"name":"functions"},"message":"[worker-pool] submitWork(triggerId=api)"}}
[debug] [2020-10-09T23:02:12.364Z] [worker-api-987c3de5-5cc0-495b-996e-cac0e238ac01]: Assigning socketPath: /var/folders/90/mv5y52hs541d8v92p0t64rmr0000gn/T/fire_emu_21695.sock {"metadata":{"emulator":{"name":"functions"},"message":"[worker-api-987c3de5-5cc0-495b-996e-cac0e238ac01]: Assigning socketPath: /var/folders/90/mv5y52hs541d8v92p0t64rmr0000gn/T/fire_emu_21695.sock"}}
[debug] [2020-10-09T23:02:12.365Z] [worker-api-987c3de5-5cc0-495b-996e-cac0e238ac01]: BUSY {"metadata":{"emulator":{"name":"functions"},"message":"[worker-api-987c3de5-5cc0-495b-996e-cac0e238ac01]: BUSY"}}
[debug] [2020-10-09T23:02:12.365Z] [runtime-status] [21695] Trigger "api" has been found, beginning invocation! {"metadata":{"emulator":{"name":"functions"},"function":{"name":"api"},"message":"[runtime-status] [21695] Trigger \"api\" has been found, beginning invocation!"}}
[info] i  functions: Beginning execution of "api" {"metadata":{"emulator":{"name":"functions"},"function":{"name":"api"},"message":"Beginning execution of \"api\""}}
[debug] [2020-10-09T23:02:12.366Z] [runtime-status] [21695] triggerDefinition {"httpsTrigger":{},"name":"api","entryPoint":"api"} {"metadata":{"emulator":{"name":"functions"},"function":{"name":"api"},"message":"[runtime-status] [21695] triggerDefinition {\"httpsTrigger\":{},\"name\":\"api\",\"entryPoint\":\"api\"}"}}
[debug] [2020-10-09T23:02:12.366Z] [runtime-status] [21695] Running api in mode HTTPS {"metadata":{"emulator":{"name":"functions"},"function":{"name":"api"},"message":"[runtime-status] [21695] Running api in mode HTTPS"}}
[debug] [2020-10-09T23:02:12.367Z] [runtime-status] [21695] Attempting to listen to socketPath: /var/folders/90/mv5y52hs541d8v92p0t64rmr0000gn/T/fire_emu_21695.sock {"metadata":{"emulator":{"name":"functions"},"function":{"name":"api"},"message":"[runtime-status] [21695] Attempting to listen to socketPath: /var/folders/90/mv5y52hs541d8v92p0t64rmr0000gn/T/fire_emu_21695.sock"}}
[debug] [2020-10-09T23:02:12.369Z] [functions] Runtime ready! Sending request! {"metadata":{"emulator":{"name":"functions"},"message":"[functions] Runtime ready! Sending request!"}}
[debug] [2020-10-09T23:02:12.372Z] [runtime-status] [21695] Ephemeral server handling POST request {"metadata":{"emulator":{"name":"functions"},"function":{"name":"api"},"message":"[runtime-status] [21695] Ephemeral server handling POST request"}}
[info] >  Payment Request Recieved BOOM!!! for this amount >>>  0 {"user":"Payment Request Recieved BOOM!!! for this amount >>>  0","metadata":{"emulator":{"name":"functions"},"function":{"name":"api"},"message":"\u001b[90m> \u001b[39m Payment Request Recieved BOOM!!! for this amount >>>  0"}}
[debug] [2020-10-09T23:02:12.373Z] [runtime-status] [21695] Ephemeral server survived. {"metadata":{"emulator":{"name":"functions"},"function":{"name":"api"},"message":"[runtime-status] [21695] Ephemeral server survived."}}
[info] >  (node:21695) UnhandledPromiseRejectionWarning: Error: This value must be greater than or equal to 1. {"user":"(node:21695) UnhandledPromiseRejectionWarning: Error: This value must be greater than or equal to 1.","metadata":{"emulator":{"name":"functions"},"function":{"name":"api"},"message":"\u001b[90m> \u001b[39m (node:21695) UnhandledPromiseRejectionWarning: Error: This value must be greater than or equal to 1."}}
[info] >      at Function.generate (/Users/pakerchang/Documents/GitHub/Front-End/React/amazon-clone/functions/node_modules/stripe/lib/Error.js:39:16) {"user":"    at Function.generate (/Users/pakerchang/Documents/GitHub/Front-End/React/amazon-clone/functions/node_modules/stripe/lib/Error.js:39:16)","metadata":{"emulator":{"name":"functions"},"function":{"name":"api"},"message":"\u001b[90m> \u001b[39m     at Function.generate (/Users/pakerchang/Documents/GitHub/Front-End/React/amazon-clone/functions/node_modules/stripe/lib/Error.js:39:16)"}}
[info] >      at IncomingMessage.<anonymous> (/Users/pakerchang/Documents/GitHub/Front-End/React/amazon-clone/functions/node_modules/stripe/lib/StripeResource.js:190:33) {"user":"    at IncomingMessage.<anonymous> (/Users/pakerchang/Documents/GitHub/Front-End/React/amazon-clone/functions/node_modules/stripe/lib/StripeResource.js:190:33)","metadata":{"emulator":{"name":"functions"},"function":{"name":"api"},"message":"\u001b[90m> \u001b[39m     at IncomingMessage.<anonymous> (/Users/pakerchang/Documents/GitHub/Front-End/React/amazon-clone/functions/node_modules/stripe/lib/StripeResource.js:190:33)"}}
[info] >      at Object.onceWrapper (events.js:420:28) {"user":"    at Object.onceWrapper (events.js:420:28)","metadata":{"emulator":{"name":"functions"},"function":{"name":"api"},"message":"\u001b[90m> \u001b[39m     at Object.onceWrapper (events.js:420:28)"}}
[info] >      at IncomingMessage.emit (events.js:326:22) {"user":"    at IncomingMessage.emit (events.js:326:22)","metadata":{"emulator":{"name":"functions"},"function":{"name":"api"},"message":"\u001b[90m> \u001b[39m     at IncomingMessage.emit (events.js:326:22)"}}
[info] >      at endReadableNT (_stream_readable.js:1244:12) {"user":"    at endReadableNT (_stream_readable.js:1244:12)","metadata":{"emulator":{"name":"functions"},"function":{"name":"api"},"message":"\u001b[90m> \u001b[39m     at endReadableNT (_stream_readable.js:1244:12)"}}
[info] >      at processTicksAndRejections (internal/process/task_queues.js:80:21) {"user":"    at processTicksAndRejections (internal/process/task_queues.js:80:21)","metadata":{"emulator":{"name":"functions"},"function":{"name":"api"},"message":"\u001b[90m> \u001b[39m     at processTicksAndRejections (internal/process/task_queues.js:80:21)"}}
[info] >  (Use `node --trace-warnings ...` to show where the warning was created) {"user":"(Use `node --trace-warnings ...` to show where the warning was created)","metadata":{"emulator":{"name":"functions"},"function":{"name":"api"},"message":"\u001b[90m> \u001b[39m (Use `node --trace-warnings ...` to show where the warning was created)"}}
[info] >  (node:21695) UnhandledPromiseRejectionWarning: Unhandled promise rejection. This error originated either by throwing inside of an async function without a catch block, or by rejecting a promise which was not handled with .catch(). To terminate the node process on unhandled promise rejection, use the CLI flag `--unhandled-rejections=strict` (see https://nodejs.org/api/cli.html#cli_unhandled_rejections_mode). (rejection id: 1) {"user":"(node:21695) UnhandledPromiseRejectionWarning: Unhandled promise rejection. This error originated either by throwing inside of an async function without a catch block, or by rejecting a promise which was not handled with .catch(). To terminate the node process on unhandled promise rejection, use the CLI flag `--unhandled-rejections=strict` (see https://nodejs.org/api/cli.html#cli_unhandled_rejections_mode). (rejection id: 1)","metadata":{"emulator":{"name":"functions"},"function":{"name":"api"},"message":"\u001b[90m> \u001b[39m (node:21695) UnhandledPromiseRejectionWarning: Unhandled promise rejection. This error originated either by throwing inside of an async function without a catch block, or by rejecting a promise which was not handled with .catch(). To terminate the node process on unhandled promise rejection, use the CLI flag `--unhandled-rejections=strict` (see https://nodejs.org/api/cli.html#cli_unhandled_rejections_mode). (rejection id: 1)"}}
[info] >  (node:21695) [DEP0018] DeprecationWarning: Unhandled promise rejections are deprecated. In the future, promise rejections that are not handled will terminate the Node.js process with a non-zero exit code. {"user":"(node:21695) [DEP0018] DeprecationWarning: Unhandled promise rejections are deprecated. In the future, promise rejections that are not handled will terminate the Node.js process with a non-zero exit code.","metadata":{"emulator":{"name":"functions"},"function":{"name":"api"},"message":"\u001b[90m> \u001b[39m (node:21695) [DEP0018] DeprecationWarning: Unhandled promise rejections are deprecated. In the future, promise rejections that are not handled will terminate the Node.js process with a non-zero exit code."}}
[warn] ⚠  functions: Your function timed out after ~60s. To configure this timeout, see
      https://firebase.google.com/docs/functions/manage-functions#set_timeout_and_memory_allocation. {"metadata":{"emulator":{"name":"functions"},"function":{"name":"api"},"message":"Your function timed out after ~60s. To configure this timeout, see\n      https://firebase.google.com/docs/functions/manage-functions#set_timeout_and_memory_allocation."}}
[info] >  /usr/local/lib/node_modules/firebase-tools/lib/emulator/functionsEmulatorRuntime.js:642 {"user":"/usr/local/lib/node_modules/firebase-tools/lib/emulator/functionsEmulatorRuntime.js:642","metadata":{"emulator":{"name":"functions"},"function":{"name":"api"},"message":"\u001b[90m> \u001b[39m /usr/local/lib/node_modules/firebase-tools/lib/emulator/functionsEmulatorRuntime.js:642"}}
[info] >                  throw new Error("Function timed out."); {"user":"                throw new Error(\"Function timed out.\");","metadata":{"emulator":{"name":"functions"},"function":{"name":"api"},"message":"\u001b[90m> \u001b[39m                 throw new Error(\"Function timed out.\");"}}
[info] >                  ^ {"user":"                ^","metadata":{"emulator":{"name":"functions"},"function":{"name":"api"},"message":"\u001b[90m> \u001b[39m                 ^"}}
[info] >   {"user":"","metadata":{"emulator":{"name":"functions"},"function":{"name":"api"},"message":"\u001b[90m> \u001b[39m "}}
[info] >  Error: Function timed out. {"user":"Error: Function timed out.","metadata":{"emulator":{"name":"functions"},"function":{"name":"api"},"message":"\u001b[90m> \u001b[39m Error: Function timed out."}}
[info] >      at Timeout._onTimeout (/usr/local/lib/node_modules/firebase-tools/lib/emulator/functionsEmulatorRuntime.js:642:23) {"user":"    at Timeout._onTimeout (/usr/local/lib/node_modules/firebase-tools/lib/emulator/functionsEmulatorRuntime.js:642:23)","metadata":{"emulator":{"name":"functions"},"function":{"name":"api"},"message":"\u001b[90m> \u001b[39m     at Timeout._onTimeout (/usr/local/lib/node_modules/firebase-tools/lib/emulator/functionsEmulatorRuntime.js:642:23)"}}
[info] >      at listOnTimeout (internal/timers.js:554:17) {"user":"    at listOnTimeout (internal/timers.js:554:17)","metadata":{"emulator":{"name":"functions"},"function":{"name":"api"},"message":"\u001b[90m> \u001b[39m     at listOnTimeout (internal/timers.js:554:17)"}}
[info] >      at processTimers (internal/timers.js:497:7) {"user":"    at processTimers (internal/timers.js:497:7)","metadata":{"emulator":{"name":"functions"},"function":{"name":"api"},"message":"\u001b[90m> \u001b[39m     at processTimers (internal/timers.js:497:7)"}}
[debug] [2020-10-09T23:03:12.388Z] [worker-api-987c3de5-5cc0-495b-996e-cac0e238ac01]: exited {"metadata":{"emulator":{"name":"functions"},"message":"[worker-api-987c3de5-5cc0-495b-996e-cac0e238ac01]: exited"}}
[debug] [2020-10-09T23:03:12.388Z] [worker-api-987c3de5-5cc0-495b-996e-cac0e238ac01]: FINISHED {"metadata":{"emulator":{"name":"functions"},"message":"[worker-api-987c3de5-5cc0-495b-996e-cac0e238ac01]: FINISHED"}}
[debug] [2020-10-09T23:03:12.388Z] [work-queue] {"queueLength":0,"workRunningCount":0}
